2025-12-16 14:21:00 | INFO | repo=auction | action=pull
2025-06-02 09:28:00 | INFO | repo=auction | action=test | passed=true
2025-12-22 17:03:00 | INFO | repo=auction | action=test | passed=true
2025-02-02 16:50:00 | INFO | repo=auction | action=edit | files=3
2025-02-21 08:04:00 | DEBUG | repo=auction | action=commit
2025-03-22 11:45:00 | WARN | repo=auction | action=commit
2025-12-04 08:01:00 | INFO | repo=auction | action=commit
2025-08-06 08:02:00 | INFO | repo=auction | action=commit
2025-01-20 20:29:00 | DEBUG | repo=auction | action=pull
2025-02-26 08:09:00 | WARN | repo=auction | action=edit | files=5
2025-07-01 21:25:00 | WARN | repo=auction | action=edit | files=2
2025-08-22 17:49:00 | WARN | repo=auction | action=commit
2025-03-28 10:36:00 | INFO | repo=auction | action=pull
2025-04-14 17:37:00 | WARN | repo=auction | action=edit | files=2
2025-09-11 08:02:00 | DEBUG | repo=auction | action=edit | files=4
2025-10-02 12:20:00 | WARN | repo=auction | action=pull
2025-07-25 10:18:00 | INFO | repo=auction | action=commit
2025-07-11 12:56:00 | WARN | repo=auction | action=commit
2025-04-21 19:12:00 | WARN | repo=auction | action=commit
2025-11-11 11:44:00 | DEBUG | repo=auction | action=commit
2025-12-11 12:15:00 | DEBUG | repo=auction | action=pull
2025-09-28 18:22:00 | INFO | repo=auction | action=pull
2025-11-05 17:13:00 | DEBUG | repo=auction | action=pull
2025-09-16 07:16:00 | WARN | repo=auction | action=commit
2025-08-01 07:24:00 | INFO | repo=auction | action=commit
2025-10-19 07:56:00 | DEBUG | repo=auction | action=test | passed=true
2025-03-26 10:09:00 | DEBUG | repo=auction | action=pull
2025-01-22 21:17:00 | DEBUG | repo=auction | action=commit
2025-04-10 17:54:00 | WARN | repo=auction | action=test | passed=true
2025-10-06 12:10:00 | DEBUG | repo=auction | action=test | passed=true
2025-11-25 18:22:00 | WARN | repo=auction | action=pull
2025-02-09 12:41:00 | DEBUG | repo=auction | action=commit
2025-03-24 16:42:00 | DEBUG | repo=auction | action=pull
2025-04-13 14:19:00 | DEBUG | repo=auction | action=edit | files=5
2025-11-17 10:42:00 | WARN | repo=auction | action=test | passed=true
2025-11-13 13:07:00 | WARN | repo=auction | action=test | passed=true
2025-12-27 19:13:00 | DEBUG | repo=auction | action=test | passed=true
2025-06-05 07:56:00 | WARN | repo=auction | action=test | passed=true
2025-01-11 16:44:00 | INFO | repo=auction | action=commit
2025-05-16 09:33:00 | INFO | repo=auction | action=pull
2025-04-14 21:40:00 | WARN | repo=auction | action=pull
2025-09-15 13:17:00 | DEBUG | repo=auction | action=edit | files=3
2025-07-10 09:19:00 | WARN | repo=auction | action=commit
2025-04-15 20:55:00 | WARN | repo=auction | action=test | passed=true
2025-07-18 16:59:00 | WARN | repo=auction | action=commit
2025-03-02 07:48:00 | WARN | repo=auction | action=commit
2025-09-09 07:11:00 | INFO | repo=auction | action=edit | files=5
2025-08-17 07:48:00 | DEBUG | repo=auction | action=edit | files=5
2025-12-20 09:48:00 | DEBUG | repo=auction | action=test | passed=true
2025-03-20 10:05:00 | WARN | repo=auction | action=commit
2025-03-27 17:27:00 | WARN | repo=auction | action=commit
2025-12-21 07:05:00 | WARN | repo=auction | action=commit
2025-07-14 17:16:00 | WARN | repo=auction | action=edit | files=5
2025-05-19 07:58:00 | DEBUG | repo=auction | action=pull
2025-09-24 20:50:00 | INFO | repo=auction | action=edit | files=2
2025-02-14 11:54:00 | WARN | repo=auction | action=commit
2025-12-01 19:39:00 | INFO | repo=auction | action=commit
2025-12-09 19:09:00 | WARN | repo=auction | action=pull
2025-01-15 07:19:00 | WARN | repo=auction | action=commit
2025-02-09 10:37:00 | DEBUG | repo=auction | action=commit
2025-07-06 09:02:00 | INFO | repo=auction | action=commit
2025-06-14 09:23:00 | INFO | repo=auction | action=test | passed=true
2025-10-22 14:58:00 | WARN | repo=auction | action=test | passed=true
2025-06-14 11:18:00 | WARN | repo=auction | action=pull
2025-08-10 07:37:00 | INFO | repo=auction | action=test | passed=true
2025-12-02 09:48:00 | DEBUG | repo=auction | action=commit
2025-02-08 19:05:00 | WARN | repo=auction | action=edit | files=4
2025-04-24 17:25:00 | INFO | repo=auction | action=test | passed=true
2025-07-08 16:38:00 | WARN | repo=auction | action=edit | files=3
2025-01-27 15:07:00 | DEBUG | repo=auction | action=test | passed=true
2025-11-14 14:19:00 | INFO | repo=auction | action=edit | files=3
2025-03-13 11:47:00 | DEBUG | repo=auction | action=edit | files=4
2025-10-20 15:39:00 | WARN | repo=auction | action=pull
2025-09-01 16:05:00 | INFO | repo=auction | action=test | passed=true
2025-11-28 11:50:00 | INFO | repo=auction | action=commit
2025-02-13 18:54:00 | INFO | repo=auction | action=pull
2025-04-12 18:32:00 | INFO | repo=auction | action=commit
